make.exe all --print-data-base --no-builtin-variables --no-builtin-rules --question
# GNU Make 3.82.90
# Built for i686-pc-mingw32
# Copyright (C) 1988-2012 Free Software Foundation, Inc.
# License GPLv3+: GNU GPL version 3 or later <http://gnu.org/licenses/gpl.html>
# This is free software: you are free to change and redistribute it.
# There is NO WARRANTY, to the extent permitted by law.
 

# Make data base, printed on Tue Jun 14 17:12:30 2022

# Variables

# automatic
<D = $(patsubst %/,%,$(patsubst %\,%,$(dir $<)))
# automatic
?F = $(notdir $?)
# default
.SHELLFLAGS := -c
# makefile
MAKEFLAGS = Rrqp
# environment
VSCODE_LOG_NATIVE = false
# automatic
?D = $(patsubst %/,%,$(patsubst %\,%,$(dir $?)))
# automatic
@D = $(patsubst %/,%,$(patsubst %\,%,$(dir $@)))
# environment
HOMEDRIVE = C:
# automatic
@F = $(notdir $@)
# automatic
^D = $(patsubst %/,%,$(patsubst %\,%,$(dir $^)))
# makefile
CUR 
DIR := c:/Projects/go/src/Address_Book_Project
# default
SHELL := sh.exe
# environment
WINDIR = C:\windows
# environment
VSCODE_NLS_CONFIG = {"locale":"en-us","availableLanguages":{},"_languagePackSupport":true}
# environment
ONEDRIVE = C:\Users\Kiruthick_R\OneDrive - EPAM
# environment
MAVEN_HOME = C:\apache-maven-3.8.4
# environment
LIBJABRA_TRACE_LEVEL = debug
# environment
PATHEXT = .COM;.EXE;.BAT;.CMD;.VBS;.VBE;.JS;.JSE;.WSF;.WSH;.MSC
# makefile (from 'Makefile', line 1)
MAKEFILE_LIST :=  Makefile
# environment
FPS_BROWSER_USER_PROFILE_STRING = Default
# environment
TMP = C:\Users\KIRUTH~1\AppData\Local\Temp
# environment
VSCODE_AMD_ENTRYPOINT = vs/workbench/api/node/extensionHostProcess
# environment
VSCODE_VERBOSE_LOGGING = true
# environment
PROGRAMW6432 = C:\Program Files
# environment
PROGRAMDATA = C:\ProgramData
# environment
VSCODE_IPC_HOOK_EXTHOST = \\.\pipe\vscode-ipc-510ffe80-03ba-4693-88e5-1bce2537db4a-sock
# environment
VSCODE_CWD = C:\Users\Kiruthick_R\AppData\Local\Programs\Microsoft VS Code
# environment
GOPROXY = https://proxy.golang.org,direct
# environment
PATH = C:\Program Files\Common Files\Oracle\Java\javapath;C:\windows\system32;C:\windows;C:\windows\System32\Wbem;C:\windows\System32\WindowsPowerShell\v1.0\;C:\windows\System32\OpenSSH\;C:\Program Files\WindowsPowerShell\Scripts;C:\Program Files\Git\cmd;C:\Program Files\Java\jdk-18.0.1.1\bin;C:\apache-maven-3.8.4\bin;C:\Program Files\MySQL\MySQL Server 8.0\bin;C:\Program Files\Go\bin;C:\protoc-21.1-win64\bin;C:\Projects\go\bin;C:\MinGW\bin;C:\Program Files\MySQL\MySQL Shell 8.0\bin\;C:\Users\Kiruthick_R\AppData\Local\Microsoft\WindowsApps;C:\Users\Kiruthick_R\AppData\Local\Programs\Microsoft VS Code\bin;C:\Users\Kiruthick_R\go\bin
# environment
ONLINESERVICES = Online Services
# environment
COMMONPROGRAMW6432 = C:\Program Files\Common Files
# environment
ZES_ENABLE_SYSMAN = 1
# environment
PROCESSOR_ARCHITECTURE = x86
# environment
USERPROFILE = C:\Users\Kiruthick_R
# environment
ALLUSERSPROFILE = C:\ProgramData
# environment
GOPATH = C:\Projects\go
# environment
VSCODE_LOG_STACK = false
# environment
NUMBER_OF_PROCESSORS = 8
# environment
ELECTRON_RUN_AS_NODE = 1
# default
.FEATURES := target-specific order-only second-expansion else-if shortest-stem undefine oneshell archives jobserver
# automatic
%F = $(notdir $%)
# environment
CHROME_CRASHPAD_PIPE_NAME = \\.\pipe\crashpad_14080_XLXNCPJHSVHAVBRS
# environment
VSCODE_PIPE_LOGGING = true
# environment
COMPUTERNAME = EPINHYDW0D08
# environment
PROGRAMFILES = C:\Program Files (x86)
# environment
USERDNSDOMAIN = epam.com
# environment
DRIVERDATA = C:\Windows\System32\Drivers\DriverData
# environment
ORIGINAL_XDG_CURRENT_DESKTOP = undefined
# environment
USERNAME = Kiruthick_R
# environment
PUBLIC = C:\Users\Public
# environment
GOMODCACHE = C:\Projects\go\pkg\mod
# environment
VSCODE_CODE_CACHE_PATH = C:\Users\Kiruthick_R\AppData\Roaming\Code\CachedData\4af164ea3a06f701fe3e89a2bcbb421d2026b68f
# environment
APPLICATION_INSIGHTS_NO_DIAGNOSTIC_CHANNEL = 1
# environment
COMMONPROGRAMFILES = C:\Program Files (x86)\Common Files
# environment
LOGONSERVER = \\EPINHYDW0D08
# environment
VSCODE_HANDLES_UNCAUGHT_ERRORS = true
# environment
USERDOMAIN = EPAM
# environment
MAKELEVEL := 0
# default
MAKE = $(MAKE_COMMAND)
# default
MAKECMDGOALS := all
# environment
JAVA_HOME = C:\Program Files\Java\jdk-18.0.1.1
# environment
ONEDRIVECOMMERCIAL = C:\Users\Kiruthick_R\OneDrive - EPAM
# default
MAKE_VERSION := 3.82.90
# environment
__PSLOCKDOWNPOLICY = 0
# environment
PROGRAMFILES(X86) = C:\Program Files (x86)
# automatic
%D = $(patsubst %/,%,$(patsubst %\,%,$(dir $%)))
# environment
LOCALAPPDATA = C:\Users\Kiruthick_R\AppData\Local
# environment
PSMODULEPATH = C:\Program Files\WindowsPowerShell\Modules;C:\windows\system32\WindowsPowerShell\v1.0\Modules
# default
MAKE_COMMAND := make.exe
# environment
PROCESSOR_ARCHITEW6432 = AMD64
# default
.VARIABLES := 
# automatic
*F = $(notdir $*)
# environment
PROCESSOR_IDENTIFIER = Intel64 Family 6 Model 140 Stepping 1, GenuineIntel
# environment
OS = Windows_NT
# environme 
nt
VSCODE_IPC_HOOK = \\.\pipe\2c2c89831ed86c7eb906047a7e52e43b-1.68.0-main-sock
# environment
HOMEPATH = \Users\Kiruthick_R
# environment
COMMONPROGRAMFILES(X86) = C:\Program Files (x86)\Common Files
# environment
PROMPT = $P$G
# environment
MFLAGS = -Rrqp
# automatic
*D = $(patsubst %/,%,$(patsubst %\,%,$(dir $*)))
# environment
REGIONCODE = APJ
# environment
SYSTEMROOT = C:\windows
# automatic
+D = $(patsubst %/,%,$(patsubst %\,%,$(dir $+)))
# environment
PLATFORMCODE = AN
# automatic
+F = $(notdir $+)
# environment
APPDATA = C:\Users\Kiruthick_R\AppData\Roaming
# environment
TEMP = C:\Users\KIRUTH~1\AppData\Local\Temp
# environment
COMSPEC = C:\windows\system32\cmd.exe
# default
MAKEFILES := 
# automatic
<F = $(notdir $<)
# environment
LC_ALL = C
# environment
UATDATA = C:\windows\CCM\UATData\D9F8C395-CAB8-491d-B8AC-179A1FE1BE77
# automatic
^F = $(notdir $^)
# default
SUFFIXES := 
# environment
SYSTEMDRIVE = C:
# environment
SESSIONNAME = Console
# environment
PROCESSOR_REVISION = 8c01
# default
.RECIPEPRE 
FIX := 
# makefile
.DEFAULT_GOAL := create
# environment
LANG = C
# environment
PROCESSOR_LEVEL = 6
# environment
FPS_BROWSER_APP_PROFILE_STRING = Internet Explorer
# environment
VSCODE_PID = 14080
# environment
USERDOMAIN_ROAMINGPROFILE = EPAM
# variable set hash-table stats:
# Load=104/1024=10%, Rehash=0, Collisions=14/122=11%

# Pattern-specific Variable Values

# No pattern-specific variable values.

# Directories

# C:\Users\Kiruthick_R\AppData\Local\Programs\Microsoft VS Code\bin (key C:/Users/Kiruthick_R/AppData/Local/Programs/Microsoft VS Code/bin, mtime 1654836112): 4 files, no impossibilities.
# C:\apache-maven-3.8.4\bin (key C:/apache-maven-3.8.4/bin, mtime 1642569709): 9 files, no impossibilities.
# C:\Program Files\MySQL\MySQL Server 8.0\bin (key C:/Program Files/MySQL/MySQL Server 8.0/bin, mtime 1646910355): 52 files, no impossibilities.
# C:\windows\System32\WindowsPowerShell\v1.0\ (key C:/windows/System32/WindowsPowerShell/v1.0/, mtime 1638193859): 30 files, no impossibilities.
# . (key c:/Projects/go/src/Address_Book_Project, mtime 1655120655): 11 files, no impossibilities.
# C:\Program Files\Java\jdk-18.0.1.1\bin (key C:/Program Files/Java/jdk-18.0.1.1/bin, mtime 1652069562): 124 files, no impossibilities.
# C:\protoc-21.1-win64\bin (key C:/protoc-21.1-win64/bin, mtime 1654500053): 3 files, no impossibilities.
# C:\Program Files\MySQL\MySQL Shell 8.0\bin\ (key C:/Program Files/MySQL/MySQL Shell 8.0/bin/, mtime 1646910738): 9 files, no impossibilities.
# C:\Program Files\WindowsPowerShell\Scrip 
ts (key C:/Program Files/WindowsPowerShell/Scripts, mtime 1641447296): 4 files, no impossibilities.
# C:\Program Files\Git\cmd (key C:/Program Files/Git/cmd, mtime 1642491560): 8 files, no impossibilities.
# C:\windows\System32\OpenSSH\: could not be stat'd.
# C:\MinGW\bin (key C:/MinGW/bin, mtime 1655125711): 8 files, no impossibilities.
# C:\Users\Kiruthick_R\go\bin (key C:/Users/Kiruthick_R/go/bin, mtime 1654503137): 12 files, no impossibilities.
# C:\windows (key C:/windows, mtime 1654867815): 130 files, no impossibilities.
# C:\Program Files\Go\bin (key C:/Program Files/Go/bin, mtime 1654177279): 4 files, no impossibilities.
# C:\windows\System32\Wbem (key C:/windows/System32/Wbem, mtime 1652864081): 180 files, no impossibilities.
# C:\Projects\go\bin (key C:/Projects/go/bin, mtime 1655122195): 7 files, no impossibilities.
# C:\Program Files\Common Files\Oracle\Java\javapath (key C:/Program Files/Common Files/Oracle/Java/javapath, mtime 1652069564): 6 files, no impossibilities.
# C:\windows\system32 (key C:/windows/system32, mtime 1654850282): 2852 files, no impossibilities.
# C:\Users\Kiruthick_R\AppData\Local\Microsoft\WindowsApps (key C:/Users/Kiruthick_R/AppData/Local/Microsoft/WindowsApps, mtime 1653887298): 17 files, no impossibilities.

# 3470 files, no impossibilities in 20 directories.

# Implicit Rules

# No implicit rules.

# Files

# Not a target:
all:
#  Command line target.
#  Implicit rule search has been done.
#  File does not exist.
#  File has not been updated.

# Not a target:
.SUFFIXES:
#  Implicit rule search has not been done.
#  Modification time never checked.
#  File has not been updated.

# Not a target:
Makefile:
#  Implicit rule search has been done.
#  Last modified 2022-06-14 13:55:04
#  File has been updated.
#  Successfully updated.

create:
#  Implicit rule search has not been done.
#  Modification time never checked.
#  File has not been updated.
#  recipe to execute (from 'Makefile', line 2):
	protoc --go_out=. --go_opt=paths=source_relative --go-grpc_out=. --go-grpc_opt=paths=source_relative proto/service.proto
	protoc -I . --grpc-gateway_out . --grpc-gateway_opt logtostderr=true --grpc-gateway_opt paths=source_relative --grpc-gateway_opt generate_unbound_methods=true proto/service.proto
	protoc -I . --openapiv2_out . --openapiv2_opt logtostderr=true proto/service.proto
	protoc -I . --go_opt=paths=source_relative --go_out=. --validate_out="lang=go:.." proto/service.proto

# Not a target:
.DEFAULT:
#  Implicit rule search has not been done.
#  Modification time never checked.
#  File has not been updated.

run:
#  Implicit rule search has not been done.
#  Modification time never checked.
#  File has not been updated.
#  recipe to execute (from 'Makefile', line 8):
	go run server/main.go

# files hash-table stats:
# Load=6/1024=1%, Rehash=0, Collisions=0/16=0%
# VPATH Search Paths

# No 'vpath' search paths.

# No general ('VPATH' variable) search path.

# strcache buffers: 7 (5) / strings = 3429 / storage = 52916 B / avg = 15 B
# current buf: size = 8174 B / used = 3921 B / co 
make.exe: *** No rule to make target 'all'.  Stop.

unt = 213 / avg = 18 B
# other used: total = 44742 B / count = 3216 / avg = 13 B
# other free: total = 49 B / max = 19 B / min = 1 B / avg = 8 B

# strcache performance: lookups = 3499 / hit rate = 2%
# hash-table stats:
# Load=3429/8192=42%, Rehash=0, Collisions=1154/3499=33%
# Finished Make data base on Tue Jun 14 17:12:30 2022

 
